/usr/share/boost-build/build/project.jam:111: in load-parent from module project
error: Could not find parent for project at '.'
error: Did not find Jamfile.jam or Jamroot.jam in any parent directory.
/usr/share/boost-build/build/project.jam:449: in initialize from module project
/usr/share/boost-build/build/project.jam:301: in load-jamfile from module project
/usr/share/boost-build/build/project.jam:64: in load from module project
/usr/share/boost-build/build/project.jam:145: in project.find from module project
/usr/share/boost-build/build-system.jam:535: in load from module build-system
/usr/share/boost-build/kernel/modules.jam:289: in import from module modules
/usr/share/boost-build/kernel/bootstrap.jam:139: in boost-build from module
/usr/share/boost-build/boost-build.jam:8: in module scope from module

/usr/share/boost-build/build/project.jam:111: in load-parent from module project
error: Could not find parent for project at '.'
error: Did not find Jamfile.jam or Jamroot.jam in any parent directory.
/usr/share/boost-build/build/project.jam:449: in initialize from module project
/usr/share/boost-build/build/project.jam:301: in load-jamfile from module project
/usr/share/boost-build/build/project.jam:64: in load from module project
/usr/share/boost-build/build/project.jam:145: in project.find from module project
/usr/share/boost-build/build-system.jam:535: in load from module build-system
/usr/share/boost-build/kernel/modules.jam:289: in import from module modules
/usr/share/boost-build/kernel/bootstrap.jam:139: in boost-build from module
/usr/share/boost-build/boost-build.jam:8: in module scope from module

/usr/share/boost-build/build/project.jam:111: in load-parent from module project
error: Could not find parent for project at '.'
error: Did not find Jamfile.jam or Jamroot.jam in any parent directory.
/usr/share/boost-build/build/project.jam:449: in initialize from module project
/usr/share/boost-build/build/project.jam:301: in load-jamfile from module project
/usr/share/boost-build/build/project.jam:64: in load from module project
/usr/share/boost-build/build/project.jam:145: in project.find from module project
/usr/share/boost-build/build-system.jam:535: in load from module build-system
/usr/share/boost-build/kernel/modules.jam:289: in import from module modules
/usr/share/boost-build/kernel/bootstrap.jam:139: in boost-build from module
/usr/share/boost-build/boost-build.jam:8: in module scope from module

/usr/share/boost-build/build/project.jam:111: in load-parent from module project
error: Could not find parent for project at '.'
error: Did not find Jamfile.jam or Jamroot.jam in any parent directory.
/usr/share/boost-build/build/project.jam:449: in initialize from module project
/usr/share/boost-build/build/project.jam:301: in load-jamfile from module project
/usr/share/boost-build/build/project.jam:64: in load from module project
/usr/share/boost-build/build/project.jam:145: in project.find from module project
/usr/share/boost-build/build-system.jam:535: in load from module build-system
/usr/share/boost-build/kernel/modules.jam:289: in import from module modules
/usr/share/boost-build/kernel/bootstrap.jam:139: in boost-build from module
/usr/share/boost-build/boost-build.jam:8: in module scope from module

